[2013-03-13 12:28:21] request.INFO: Matched route "acme_hello_homepage" (parameters: "_controller": "Acme\HelloBundle\Controller\DefaultController::indexAction", "name": "django", "_route": "acme_hello_homepage") [] []
[2013-03-13 12:28:21] request.CRITICAL: Uncaught PHP Exception InvalidArgumentException: "Class "Acme\HelloBundle\Controller\DefaultController" does not exist." at /media/Data/dev/Symfony/testApp/Symfony/app/cache/prod/classes.php line 7475 [] []
[2013-03-13 12:29:02] request.INFO: Matched route "acme_hello_homepage" (parameters: "_controller": "Acme\HelloBundle\Controller\DefaultController::indexAction", "name": "django", "_route": "acme_hello_homepage") [] []
[2013-03-13 12:29:02] request.CRITICAL: Uncaught PHP Exception InvalidArgumentException: "Class "Acme\HelloBundle\Controller\DefaultController" does not exist." at /media/Data/dev/Symfony/testApp/Symfony/app/cache/prod/classes.php line 7475 [] []
[2013-03-13 12:29:03] request.INFO: Matched route "acme_hello_homepage" (parameters: "_controller": "Acme\HelloBundle\Controller\DefaultController::indexAction", "name": "django", "_route": "acme_hello_homepage") [] []
[2013-03-13 12:29:03] request.CRITICAL: Uncaught PHP Exception InvalidArgumentException: "Class "Acme\HelloBundle\Controller\DefaultController" does not exist." at /media/Data/dev/Symfony/testApp/Symfony/app/cache/prod/classes.php line 7475 [] []
[2013-03-13 12:29:11] request.INFO: Matched route "acme_hello_homepage" (parameters: "_controller": "Acme\HelloBundle\Controller\DefaultController::indexAction", "name": "django", "_route": "acme_hello_homepage") [] []
[2013-03-13 12:29:11] request.CRITICAL: Uncaught PHP Exception InvalidArgumentException: "Class "Acme\HelloBundle\Controller\DefaultController" does not exist." at /media/Data/dev/Symfony/testApp/Symfony/app/cache/prod/classes.php line 7475 [] []
[2013-03-13 12:29:14] request.INFO: Matched route "acme_hello_homepage" (parameters: "_controller": "Acme\HelloBundle\Controller\DefaultController::indexAction", "name": "django", "_route": "acme_hello_homepage") [] []
[2013-03-13 12:29:14] request.CRITICAL: Uncaught PHP Exception InvalidArgumentException: "Class "Acme\HelloBundle\Controller\DefaultController" does not exist." at /media/Data/dev/Symfony/testApp/Symfony/app/cache/prod/classes.php line 7475 [] []
[2013-03-13 12:29:15] request.INFO: Matched route "acme_hello_homepage" (parameters: "_controller": "Acme\HelloBundle\Controller\DefaultController::indexAction", "name": "django", "_route": "acme_hello_homepage") [] []
[2013-03-13 12:29:15] request.CRITICAL: Uncaught PHP Exception InvalidArgumentException: "Class "Acme\HelloBundle\Controller\DefaultController" does not exist." at /media/Data/dev/Symfony/testApp/Symfony/app/cache/prod/classes.php line 7475 [] []
[2013-03-13 12:31:42] request.INFO: Matched route "acme_hello_homepage" (parameters: "_controller": "Acme\HelloBundle\Controller\DefaultController::indexAction", "name": "django", "_route": "acme_hello_homepage") [] []
[2013-03-13 12:31:42] request.CRITICAL: Uncaught PHP Exception InvalidArgumentException: "Class "Acme\HelloBundle\Controller\DefaultController" does not exist." at /media/Data/dev/Symfony/testApp/Symfony/app/cache/prod/classes.php line 7475 [] []
[2013-03-13 12:31:45] request.INFO: Matched route "acme_hello_homepage" (parameters: "_controller": "Acme\HelloBundle\Controller\DefaultController::indexAction", "name": "krito", "_route": "acme_hello_homepage") [] []
[2013-03-13 12:31:45] request.CRITICAL: Uncaught PHP Exception InvalidArgumentException: "Class "Acme\HelloBundle\Controller\DefaultController" does not exist." at /media/Data/dev/Symfony/testApp/Symfony/app/cache/prod/classes.php line 7475 [] []
[2013-03-13 12:32:45] request.INFO: Matched route "acme_hello_homepage" (parameters: "_controller": "AcmeHelloBundle:Default:index", "name": "krito", "_route": "acme_hello_homepage") [] []
[2013-03-13 12:32:45] request.CRITICAL: Uncaught PHP Exception InvalidArgumentException: "Unable to find controller "AcmeHelloBundle:Default" - class "Acme\HelloBundle\Controller\DefaultController" does not exist." at /media/Data/dev/Symfony/testApp/Symfony/vendor/symfony/symfony/src/Symfony/Bundle/FrameworkBundle/Controller/ControllerNameParser.php line 72 [] []
[2013-03-14 17:10:25] request.INFO: Matched route "acme_hello_homepage" (parameters: "_controller": "AcmeHelloBundle:Default:index", "name": "Krito", "_route": "acme_hello_homepage") [] []
[2013-03-14 17:10:25] request.CRITICAL: Uncaught PHP Exception InvalidArgumentException: "Unable to find controller "AcmeHelloBundle:Default" - class "Acme\HelloBundle\Controller\DefaultController" does not exist." at /media/Data/dev/Symfony/testApp/Symfony/app/cache/prod/classes.php line 3948 [] []
